2016-02-18 10:41:00,442 DEBUG    root            Loaded Command Group: ['gcloud', 'info']
2016-02-18 10:41:00,443 DEBUG    root            Loaded Command Group: ['gcloud', 'deployment_manager']
2016-02-18 10:41:00,445 DEBUG    root            Loaded Command Group: ['gcloud', 'components']
2016-02-18 10:41:00,446 DEBUG    root            Loaded Command Group: ['gcloud', 'dataproc']
2016-02-18 10:41:00,448 DEBUG    root            No implementation for release track [GA] in file: [/Users/jonesvitolo/Projects/google-cloud-sdk/lib/surface/emulators/__init__.pyc]
2016-02-18 10:41:00,459 DEBUG    root            No implementation for release track [GA] in file: [/Users/jonesvitolo/Projects/google-cloud-sdk/lib/surface/bigquery/__init__.pyc]
2016-02-18 10:41:00,460 DEBUG    root            Loaded Command Group: ['gcloud', 'topic']
2016-02-18 10:41:00,467 DEBUG    root            No implementation for release track [GA] in file: [/Users/jonesvitolo/Projects/google-cloud-sdk/lib/surface/debug/__init__.pyc]
2016-02-18 10:41:00,467 DEBUG    root            Loaded Command Group: ['gcloud', 'meta']
2016-02-18 10:41:00,468 DEBUG    root            Loaded Command Group: ['gcloud', 'auth']
2016-02-18 10:41:00,470 DEBUG    root            Loaded Command Group: ['gcloud', 'sql']
2016-02-18 10:41:00,472 DEBUG    root            No implementation for release track [GA] in file: [/Users/jonesvitolo/Projects/google-cloud-sdk/lib/surface/logging/__init__.pyc]
2016-02-18 10:41:00,473 DEBUG    root            No implementation for release track [GA] in file: [/Users/jonesvitolo/Projects/google-cloud-sdk/lib/surface/bigtable/__init__.pyc]
2016-02-18 10:41:00,473 DEBUG    root            Loaded Command Group: ['gcloud', 'feedback']
2016-02-18 10:41:00,475 DEBUG    root            No implementation for release track [GA] in file: [/Users/jonesvitolo/Projects/google-cloud-sdk/lib/surface/iam/__init__.pyc]
2016-02-18 10:41:00,475 DEBUG    root            No implementation for release track [GA] in file: [/Users/jonesvitolo/Projects/google-cloud-sdk/lib/surface/genomics/__init__.pyc]
2016-02-18 10:41:00,477 DEBUG    root            No implementation for release track [GA] in file: [/Users/jonesvitolo/Projects/google-cloud-sdk/lib/surface/functions/__init__.pyc]
2016-02-18 10:41:00,522 DEBUG    root            Loaded Command Group: ['gcloud', 'container']
2016-02-18 10:41:00,524 DEBUG    root            No implementation for release track [GA] in file: [/Users/jonesvitolo/Projects/google-cloud-sdk/lib/surface/dataflow/__init__.pyc]
2016-02-18 10:41:00,525 DEBUG    root            Loaded Command Group: ['gcloud', 'help']
2016-02-18 10:41:00,543 DEBUG    root            Loaded Command Group: ['gcloud', 'source']
2016-02-18 10:41:00,544 DEBUG    root            Loaded Command Group: ['gcloud', 'init']
2016-02-18 10:41:00,545 DEBUG    root            Loaded Command Group: ['gcloud', 'version']
2016-02-18 10:41:00,547 DEBUG    root            Loaded Command Group: ['gcloud', 'projects']
2016-02-18 10:41:00,549 DEBUG    root            Loaded Command Group: ['gcloud', 'dns']
2016-02-18 10:41:00,551 DEBUG    root            No implementation for release track [GA] in file: [/Users/jonesvitolo/Projects/google-cloud-sdk/lib/surface/test/__init__.pyc]
2016-02-18 10:41:00,553 DEBUG    root            Loaded Command Group: ['gcloud', 'compute']
2016-02-18 10:41:00,555 DEBUG    root            Loaded Command Group: ['gcloud', 'docker']
2016-02-18 10:41:00,557 DEBUG    root            Loaded Command Group: ['gcloud', 'preview']
2016-02-18 10:41:00,558 DEBUG    root            Loaded Command Group: ['gcloud', 'config']
2016-02-18 10:41:00,562 DEBUG    root            No implementation for release track [GA] in file: [/Users/jonesvitolo/Projects/google-cloud-sdk/lib/surface/pubsub/__init__.pyc]
2016-02-18 10:41:00,568 ERROR    root            (gcloud) too few arguments
2016-02-18 10:41:00,578 DEBUG    root            Metrics reporting process started...
